<?xml version="1.0" encoding="UTF-8"?>
<!-- Generated by org.testng.reporters.JUnitReportReporter -->
<testsuite skipped="0" hostname="Radia" name="framework.Amazon" tests="1" failures="0" timestamp="2021-04-14T10:48:08 EDT" time="0.005" errors="0">
  <testcase name="f" time="0.005" classname="framework.Amazon"/>
  <system-out/>
</testsuite> <!-- framework.Amazon -->
